[debug] [2025-05-18T06:15:54.578Z] ----------------------------------------------------------------------
[debug] [2025-05-18T06:15:54.587Z] Command:       /nix/store/rbdrkcs5kkwpalxcd7c6bnm33lk2955n-nodejs-20.19.0/bin/node /nix/store/x1y0l2xj62jgmz6csprhhqzibvdggdpk-firebase-tools-14.3.1/lib/node_modules/firebase-tools/lib/bin/firebase.js login --no-localhost
[debug] [2025-05-18T06:15:54.588Z] CLI Version:   14.3.1
[debug] [2025-05-18T06:15:54.588Z] Platform:      linux
[debug] [2025-05-18T06:15:54.588Z] Node Version:  v20.19.0
[debug] [2025-05-18T06:15:54.589Z] Time:          Sun May 18 2025 06:15:54 GMT+0000 (Coordinated Universal Time)
[debug] [2025-05-18T06:15:54.589Z] ----------------------------------------------------------------------
[debug] 
[debug] [2025-05-18T06:15:54.595Z] >>> [apiv2][query] GET https://firebase-public.firebaseio.com/cli.json [none]
[info] i  Firebase optionally collects CLI and Emulator Suite usage and error reporting information to help improve our products. Data is collected in accordance with Google's privacy policy (https://policies.google.com/privacy) and is not used to identify you.
 
[debug] [2025-05-18T06:15:54.861Z] <<< [apiv2][status] GET https://firebase-public.firebaseio.com/cli.json 200
[debug] [2025-05-18T06:15:54.862Z] <<< [apiv2][body] GET https://firebase-public.firebaseio.com/cli.json {"cloudBuildErrorAfter":1594252800000,"cloudBuildWarnAfter":1590019200000,"defaultNode10After":1594252800000,"minVersion":"3.0.5","node8DeploysDisabledAfter":1613390400000,"node8RuntimeDisabledAfter":1615809600000,"node8WarnAfter":1600128000000}
[info] i  To change your data collection preference at any time, run `firebase logout` and log in again. 
[debug] [2025-05-18T06:16:02.425Z] >>> [apiv2][query] POST https://auth.firebase.tools/attest [none]
[debug] [2025-05-18T06:16:02.425Z] >>> [apiv2][body] POST https://auth.firebase.tools/attest {"session_id":"7d63b502-8dfb-4abc-b61d-0b17a963fa19"}
[debug] [2025-05-18T06:16:02.707Z] <<< [apiv2][status] POST https://auth.firebase.tools/attest 200
[debug] [2025-05-18T06:16:02.707Z] <<< [apiv2][body] POST https://auth.firebase.tools/attest {"token":"d4aS_Z61NZRFqrVgWQahDXC1Rwzfe1CnnCQbgUlhTis"}
[info] 
[info] To sign in to the Firebase CLI:
[info] 
[info] 1. Take note of your session ID:
[info] 
[info]    7D63B
[info] 
[info] 2. Visit the URL below on any device and follow the instructions to get your code:
[info] 
[info]    https://auth.firebase.tools/login?code_challenge=Rhgch3aJZn7gxOYH_h8-cj-4smDYllMa-C-tu7FfHPI&session=7d63b502-8dfb-4abc-b61d-0b17a963fa19&attest=d4aS_Z61NZRFqrVgWQahDXC1Rwzfe1CnnCQbgUlhTis
[info] 
[info] 3. Paste or enter the authorization code below once you have it:
[info] 
[debug] [2025-05-22T02:23:15.372Z] ----------------------------------------------------------------------
[debug] [2025-05-22T02:23:15.376Z] Command:       /nix/store/rbdrkcs5kkwpalxcd7c6bnm33lk2955n-nodejs-20.19.0/bin/node /nix/store/x1y0l2xj62jgmz6csprhhqzibvdggdpk-firebase-tools-14.3.1/lib/node_modules/firebase-tools/lib/bin/firebase.js login --no-localhost
[debug] [2025-05-22T02:23:15.378Z] CLI Version:   14.3.1
[debug] [2025-05-22T02:23:15.378Z] Platform:      linux
[debug] [2025-05-22T02:23:15.378Z] Node Version:  v20.19.0
[debug] [2025-05-22T02:23:15.378Z] Time:          Thu May 22 2025 02:23:15 GMT+0000 (Coordinated Universal Time)
[debug] [2025-05-22T02:23:15.379Z] ----------------------------------------------------------------------
[debug] 
[debug] [2025-05-22T02:23:15.383Z] >>> [apiv2][query] GET https://firebase-public.firebaseio.com/cli.json [none]
[info] i  Firebase optionally collects CLI and Emulator Suite usage and error reporting information to help improve our products. Data is collected in accordance with Google's privacy policy (https://policies.google.com/privacy) and is not used to identify you.
 
[debug] [2025-05-22T02:23:15.592Z] <<< [apiv2][status] GET https://firebase-public.firebaseio.com/cli.json 200
[debug] [2025-05-22T02:23:15.593Z] <<< [apiv2][body] GET https://firebase-public.firebaseio.com/cli.json {"cloudBuildErrorAfter":1594252800000,"cloudBuildWarnAfter":1590019200000,"defaultNode10After":1594252800000,"minVersion":"3.0.5","node8DeploysDisabledAfter":1613390400000,"node8RuntimeDisabledAfter":1615809600000,"node8WarnAfter":1600128000000}
[info] i  To change your data collection preference at any time, run `firebase logout` and log in again. 
[debug] [2025-05-22T02:23:22.312Z] >>> [apiv2][query] POST https://auth.firebase.tools/attest [none]
[debug] [2025-05-22T02:23:22.312Z] >>> [apiv2][body] POST https://auth.firebase.tools/attest {"session_id":"01f91b2a-186e-4358-8b35-e1ea08badf74"}
[debug] [2025-05-22T02:23:22.605Z] <<< [apiv2][status] POST https://auth.firebase.tools/attest 200
[debug] [2025-05-22T02:23:22.606Z] <<< [apiv2][body] POST https://auth.firebase.tools/attest {"token":"EpbECIDAXyCqdmI-BJqvkhgsXuAle2kiQRrb8viGIjM"}
[info] 
[info] To sign in to the Firebase CLI:
[info] 
[info] 1. Take note of your session ID:
[info] 
[info]    01F91
[info] 
[info] 2. Visit the URL below on any device and follow the instructions to get your code:
[info] 
[info]    https://auth.firebase.tools/login?code_challenge=SDV6aK9tK94ZkS43iu8G6XdhJoKZKNqDJwc-sJBtDkQ&session=01f91b2a-186e-4358-8b35-e1ea08badf74&attest=EpbECIDAXyCqdmI-BJqvkhgsXuAle2kiQRrb8viGIjM
[info] 
[info] 3. Paste or enter the authorization code below once you have it:
[info] 
